<?xml version="1.0" encoding="UTF-8"?>
<testng-results ignored="0" total="1" passed="1" failed="0" skipped="0">
  <reporter-output>
  </reporter-output>
  <suite started-at="2024-06-24T14:54:25 IST" name="Default suite" finished-at="2024-06-24T14:54:41 IST" duration-ms="15296">
    <groups>
    </groups>
    <test started-at="2024-06-24T14:54:25 IST" name="Default test" finished-at="2024-06-24T14:54:41 IST" duration-ms="15296">
      <class name="SeleniumTestingPractice.Ecommerce.Staging">
        <test-method signature="setup()[pri:0, instance:SeleniumTestingPractice.Ecommerce.Staging@89ff02e]" started-at="2024-06-24T14:54:25 IST" name="setup" finished-at="2024-06-24T14:54:41 IST" duration-ms="15234" status="PASS">
          <reporter-output>
          </reporter-output>
        </test-method> <!-- setup -->
      </class> <!-- SeleniumTestingPractice.Ecommerce.Staging -->
    </test> <!-- Default test -->
  </suite> <!-- Default suite -->
</testng-results>
