<?xml version="1.0" encoding="UTF-8"?>
<testng-results ignored="0" total="1" passed="1" failed="0" skipped="0">
  <reporter-output>
  </reporter-output>
  <suite started-at="2024-06-17T19:00:53 IST" name="Default suite" finished-at="2024-06-17T19:00:59 IST" duration-ms="6363">
    <groups>
    </groups>
    <test started-at="2024-06-17T19:00:53 IST" name="Default test" finished-at="2024-06-17T19:00:59 IST" duration-ms="6363">
      <class name="AutomationTesting.ExtentReports.ExtentReportDemo">
        <test-method is-config="true" signature="config()[pri:0, instance:AutomationTesting.ExtentReports.ExtentReportDemo@2e8c1c9b]" started-at="2024-06-17T19:00:53 IST" name="config" finished-at="2024-06-17T19:00:53 IST" duration-ms="379" status="PASS">
          <reporter-output>
          </reporter-output>
        </test-method> <!-- config -->
        <test-method signature="initialDemo()[pri:0, instance:AutomationTesting.ExtentReports.ExtentReportDemo@2e8c1c9b]" started-at="2024-06-17T19:00:53 IST" name="initialDemo" finished-at="2024-06-17T19:00:59 IST" duration-ms="5928" status="PASS">
          <reporter-output>
          </reporter-output>
        </test-method> <!-- initialDemo -->
      </class> <!-- AutomationTesting.ExtentReports.ExtentReportDemo -->
    </test> <!-- Default test -->
  </suite> <!-- Default suite -->
</testng-results>
