<?xml version="1.0" encoding="UTF-8"?>
<testng-results ignored="0" total="1" passed="1" failed="0" skipped="0">
  <reporter-output>
  </reporter-output>
  <suite started-at="2024-07-23T18:43:14 IST" name="Suite" finished-at="2024-07-23T18:43:36 IST" duration-ms="22384">
    <groups>
      <group name="cucumber">
        <method signature="AbstractTestNGCucumberTests.runScenario(io.cucumber.testng.PickleWrapper,io.cucumber.testng.FeatureWrapper)[pri:0, instance:tstrn.OrangeHrmTestRunner@1040be71]" name="runScenario" class="io.cucumber.testng.AbstractTestNGCucumberTests"/>
      </group> <!-- cucumber -->
    </groups>
    <test started-at="2024-07-23T18:43:14 IST" name="Test" finished-at="2024-07-23T18:43:36 IST" duration-ms="22384">
      <class name="tstrn.OrangeHrmTestRunner">
        <test-method is-config="true" signature="setUpClass(org.testng.ITestContext)[pri:0, instance:tstrn.OrangeHrmTestRunner@1040be71]" started-at="2024-07-23T18:43:14 IST" name="setUpClass" finished-at="2024-07-23T18:43:15 IST" duration-ms="827" status="PASS">
          <params>
            <param index="0">
              <value>
                <![CDATA[org.testng.TestRunner@2a3194c6]]>
              </value>
            </param>
          </params>
          <reporter-output>
          </reporter-output>
        </test-method> <!-- setUpClass -->
        <test-method signature="runScenario(io.cucumber.testng.PickleWrapper,io.cucumber.testng.FeatureWrapper)[pri:0, instance:tstrn.OrangeHrmTestRunner@1040be71]" started-at="2024-07-23T18:43:15 IST" name="runScenario" description="Runs Cucumber Scenarios" data-provider="scenarios" finished-at="2024-07-23T18:43:36 IST" duration-ms="21439" status="PASS">
          <params>
            <param index="0">
              <value>
                <![CDATA["To check the functionality to apply leave"]]>
              </value>
            </param>
            <param index="1">
              <value>
                <![CDATA["Apply Leave"]]>
              </value>
            </param>
          </params>
          <reporter-output>
          </reporter-output>
        </test-method> <!-- runScenario -->
        <test-method is-config="true" signature="tearDownClass()[pri:0, instance:tstrn.OrangeHrmTestRunner@1040be71]" started-at="2024-07-23T18:43:36 IST" name="tearDownClass" finished-at="2024-07-23T18:43:36 IST" duration-ms="41" status="PASS">
          <reporter-output>
          </reporter-output>
        </test-method> <!-- tearDownClass -->
      </class> <!-- tstrn.OrangeHrmTestRunner -->
    </test> <!-- Test -->
  </suite> <!-- Suite -->
</testng-results>
