<?xml version="1.0" encoding="UTF-8"?>
<testsuite xmlns:xsi="http://www.w3.org/2001/XMLSchema-instance" xsi:noNamespaceSchemaLocation="https://maven.apache.org/surefire/maven-surefire-plugin/xsd/surefire-test-report.xsd" name="StepDefinations.TestRunnerForBackground" time="1.056" tests="2" errors="0" skipped="0" failures="0">
  <properties>
[...]
</properties>
  <testcase name="check logout link" classname="Check Home page functionality" time="0.117"/>
  <testcase name="verify quick launch toolbar is present" classname="Check Home page functionality" time="0.007"/>
</testsuite>